isr -b 75 -w 15 -l 7 -B 20 klaus.20.swu ../klaus-word.lex klaus-word.tree ../klaus-word.lm2 klaus.20.cl <../klaus.test_12_550.lst >klaus.Xeval-a.a1k-20-b75-w15-l7-B20.words
isr started on matt-VirtualBox at Wed Aug 13 23:49:52 CEST 2014
	[command line arguments were: 'isr -b 75 -w 15 -l 7 -B 20 klaus.20.swu ../klaus-word.lex klaus-word.tree ../klaus-word.lm2 klaus.20.cl ']
isr version 2.97a running on matt-VirtualBox under Linux 3.11.0-15-generic.
isr: calculating total emission probabilities.
isr: acoustic beam width is 75!
isr: word penalty is 15!
isr: linguistic matching factor is 7!
isr: language model beam width is 20!
isr: floor probability is 1e-05 (11.5)!
isr: probabilities less than 1e-05 will be ignored!
isr: codebook beam not specified - using default: 14!
isr: reading codebook(s) ...isr: 1 codebook(s) read.    
isr: reading sub-word units ...isr: WARNING: line longer than 8192 characters read - expanding!
isr: 58 sub-word units (318 states) read.
isr: reading words ...isr: 12 words read.   
isr: reading tree nodes ...isr: will not generate hypotheses for '<space>'!
isr: will not generate hypotheses for '<space>'!
isr: will not generate hypotheses for '<space>'!
isr: 33 tree nodes read.	  
isr: creating true states ...isr: 141 true (1 pseudo, 1 start) states created.
isr: reading language model ...isr: 2-gram language model read.
isr: WARNING: 12-dim. feature vector truncated to 4 components!
isr: WARNING: 12-dim. feature vector truncated to 8 components!
isr: WARNING: 12-dim. feature vector truncated to 10 components!
isr: WARNING: 12-dim. feature vector truncated to 10 components!
isr: WARNING: 12-dim. feature vector truncated to 6 components!
isr: WARNING: 12-dim. feature vector truncated to 10 components!
isr: WARNING: 12-dim. feature vector truncated to 6 components!
isr: WARNING: 12-dim. feature vector truncated to 6 components!
isr: WARNING: 12-dim. feature vector truncated to 2 components!
isr: WARNING: 12-dim. feature vector truncated to 4 components!
isr: WARNING: 12-dim. feature vector truncated to 6 components!
isr: WARNING: 12-dim. feature vector truncated to 2 components!
isr: WARNING: 12-dim. feature vector truncated to 6 components!
isr: WARNING: 12-dim. feature vector truncated to 10 components!
isr: WARNING: 12-dim. feature vector truncated to 8 components!
isr: WARNING: 12-dim. feature vector truncated to 2 components!
isr: WARNING: 12-dim. feature vector truncated to 6 components!
isr: WARNING: 12-dim. feature vector truncated to 6 components!
isr: WARNING: 12-dim. feature vector truncated to 2 components!
isr: WARNING: 12-dim. feature vector truncated to 10 components!
isr: WARNING: 12-dim. feature vector truncated to 8 components!
isr: WARNING: 12-dim. feature vector truncated to 10 components!
isr: WARNING: 12-dim. feature vector truncated to 6 components!
isr: WARNING: 12-dim. feature vector truncated to 6 components!
isr: WARNING: 12-dim. feature vector truncated to 4 components!
isr: WARNING: 12-dim. feature vector truncated to 2 components!
isr: WARNING: 12-dim. feature vector truncated to 8 components!
isr: WARNING: 12-dim. feature vector truncated to 2 components!
isr: WARNING: 12-dim. feature vector truncated to 6 components!
isr: WARNING: 12-dim. feature vector truncated to 10 components!
isr: WARNING: 12-dim. feature vector truncated to 4 components!
isr: WARNING: 12-dim. feature vector truncated to 10 components!
isr: WARNING: 12-dim. feature vector truncated to 4 components!
isr: WARNING: 12-dim. feature vector truncated to 6 components!
isr: WARNING: 12-dim. feature vector truncated to 8 components!
isr: WARNING: 12-dim. feature vector truncated to 4 components!
isr: WARNING: 12-dim. feature vector truncated to 2 components!
isr: WARNING: 12-dim. feature vector truncated to 8 components!
isr: WARNING: 12-dim. feature vector truncated to 10 components!
isr: WARNING: 12-dim. feature vector truncated to 8 components!
isr: WARNING: 12-dim. feature vector truncated to 6 components!
isr: WARNING: 12-dim. feature vector truncated to 8 components!
isr: WARNING: 12-dim. feature vector truncated to 8 components!
isr: WARNING: 12-dim. feature vector truncated to 2 components!
isr: WARNING: 12-dim. feature vector truncated to 10 components!
isr: WARNING: 12-dim. feature vector truncated to 4 components!
isr: WARNING: 12-dim. feature vector truncated to 8 components!
isr: WARNING: 12-dim. feature vector truncated to 4 components!
isr: WARNING: 12-dim. feature vector truncated to 6 components!
isr: WARNING: 12-dim. feature vector truncated to 8 components!
isr: WARNING: 12-dim. feature vector truncated to 6 components!
isr: WARNING: 12-dim. feature vector truncated to 6 components!
isr: WARNING: 12-dim. feature vector truncated to 8 components!
isr: WARNING: 12-dim. feature vector truncated to 10 components!
isr: WARNING: 12-dim. feature vector truncated to 2 components!
isr: WARNING: 12-dim. feature vector truncated to 8 components!
isr: WARNING: 12-dim. feature vector truncated to 10 components!
isr: WARNING: 12-dim. feature vector truncated to 6 components!
isr: WARNING: 12-dim. feature vector truncated to 10 components!
isr: WARNING: 12-dim. feature vector truncated to 6 components!
isr: WARNING: 12-dim. feature vector truncated to 2 components!
isr: WARNING: 12-dim. feature vector truncated to 4 components!
isr: WARNING: 12-dim. feature vector truncated to 6 components!
isr: WARNING: 12-dim. feature vector truncated to 2 components!
isr: WARNING: 12-dim. feature vector truncated to 4 components!
isr: WARNING: 12-dim. feature vector truncated to 2 components!
isr: WARNING: 12-dim. feature vector truncated to 4 components!
isr: WARNING: 12-dim. feature vector truncated to 2 components!
isr: WARNING: 12-dim. feature vector truncated to 2 components!
isr: WARNING: 12-dim. feature vector truncated to 4 components!
isr: WARNING: 12-dim. feature vector truncated to 10 components!
isr: WARNING: 12-dim. feature vector truncated to 4 components!
isr: WARNING: 12-dim. feature vector truncated to 8 components!
isr: WARNING: 12-dim. feature vector truncated to 2 components!
isr: WARNING: 12-dim. feature vector truncated to 2 components!
isr: WARNING: 12-dim. feature vector truncated to 4 components!
isr: WARNING: 12-dim. feature vector truncated to 2 components!
isr: WARNING: 12-dim. feature vector truncated to 2 components!
isr: WARNING: 12-dim. feature vector truncated to 10 components!
isr: WARNING: 12-dim. feature vector truncated to 2 components!
isr: WARNING: 12-dim. feature vector truncated to 6 components!
isr: WARNING: 12-dim. feature vector truncated to 10 components!
isr: WARNING: 12-dim. feature vector truncated to 8 components!
isr: WARNING: 12-dim. feature vector truncated to 6 components!
isr: WARNING: 12-dim. feature vector truncated to 6 components!
isr: WARNING: 12-dim. feature vector truncated to 6 components!
isr: WARNING: 12-dim. feature vector truncated to 8 components!
isr: WARNING: 12-dim. feature vector truncated to 2 components!
isr: WARNING: 12-dim. feature vector truncated to 4 components!
isr: WARNING: 12-dim. feature vector truncated to 6 components!
isr: WARNING: 12-dim. feature vector truncated to 4 components!
isr: WARNING: 12-dim. feature vector truncated to 6 components!
isr: WARNING: 12-dim. feature vector truncated to 2 components!
isr: WARNING: 12-dim. feature vector truncated to 8 components!
isr: WARNING: 12-dim. feature vector truncated to 10 components!
isr: WARNING: 12-dim. feature vector truncated to 8 components!
isr: WARNING: 12-dim. feature vector truncated to 10 components!
isr: WARNING: 12-dim. feature vector truncated to 10 components!
isr: WARNING: 12-dim. feature vector truncated to 10 components!
isr: WARNING: 12-dim. feature vector truncated to 8 components!
isr: WARNING: 12-dim. feature vector truncated to 6 components!
isr: WARNING: 12-dim. feature vector truncated to 6 components!
isr: WARNING: 12-dim. feature vector truncated to 8 components!
isr: WARNING: 12-dim. feature vector truncated to 6 components!
isr: WARNING: 12-dim. feature vector truncated to 2 components!
isr: WARNING: 12-dim. feature vector truncated to 2 components!
isr: WARNING: 12-dim. feature vector truncated to 10 components!
isr: WARNING: 12-dim. feature vector truncated to 10 components!
isr: WARNING: 12-dim. feature vector truncated to 4 components!
isr: WARNING: 12-dim. feature vector truncated to 8 components!
isr: WARNING: 12-dim. feature vector truncated to 4 components!
isr: WARNING: 12-dim. feature vector truncated to 2 components!
isr: WARNING: 12-dim. feature vector truncated to 8 components!
isr: WARNING: 12-dim. feature vector truncated to 10 components!
isr: WARNING: 12-dim. feature vector truncated to 8 components!
isr: WARNING: 12-dim. feature vector truncated to 4 components!
isr: WARNING: 12-dim. feature vector truncated to 4 components!
isr: WARNING: 12-dim. feature vector truncated to 8 components!
isr: WARNING: 12-dim. feature vector truncated to 10 components!
isr: WARNING: 12-dim. feature vector truncated to 4 components!
isr: WARNING: 12-dim. feature vector truncated to 10 components!
isr: WARNING: 12-dim. feature vector truncated to 6 components!
isr: WARNING: 12-dim. feature vector truncated to 6 components!
isr: WARNING: 12-dim. feature vector truncated to 10 components!
isr: WARNING: 12-dim. feature vector truncated to 6 components!
isr: WARNING: 12-dim. feature vector truncated to 4 components!
isr: WARNING: 12-dim. feature vector truncated to 4 components!
isr: WARNING: 12-dim. feature vector truncated to 8 components!
isr: WARNING: 12-dim. feature vector truncated to 6 components!
isr: WARNING: 12-dim. feature vector truncated to 2 components!
isr: WARNING: 12-dim. feature vector truncated to 8 components!
isr: WARNING: 12-dim. feature vector truncated to 8 components!
isr: WARNING: 12-dim. feature vector truncated to 2 components!
isr: WARNING: 12-dim. feature vector truncated to 6 components!
isr: WARNING: 12-dim. feature vector truncated to 4 components!
isr: WARNING: 12-dim. feature vector truncated to 10 components!
isr: WARNING: 12-dim. feature vector truncated to 6 components!
isr: WARNING: 12-dim. feature vector truncated to 8 components!
isr: WARNING: 12-dim. feature vector truncated to 8 components!
isr: WARNING: 12-dim. feature vector truncated to 6 components!
isr: WARNING: 12-dim. feature vector truncated to 10 components!
isr: WARNING: 12-dim. feature vector truncated to 4 components!
isr: WARNING: 12-dim. feature vector truncated to 8 components!
isr: WARNING: 12-dim. feature vector truncated to 4 components!
isr: WARNING: 12-dim. feature vector truncated to 10 components!
isr: WARNING: 12-dim. feature vector truncated to 8 components!
isr: WARNING: 12-dim. feature vector truncated to 4 components!
isr: WARNING: 12-dim. feature vector truncated to 8 components!
isr: WARNING: 12-dim. feature vector truncated to 2 components!
isr: WARNING: 12-dim. feature vector truncated to 2 components!
isr: WARNING: 12-dim. feature vector truncated to 2 components!
isr: WARNING: 12-dim. feature vector truncated to 6 components!
isr: WARNING: 12-dim. feature vector truncated to 10 components!
isr: WARNING: 12-dim. feature vector truncated to 2 components!
isr: WARNING: 12-dim. feature vector truncated to 10 components!
isr: WARNING: 12-dim. feature vector truncated to 6 components!
isr: WARNING: 12-dim. feature vector truncated to 2 components!
isr: WARNING: 12-dim. feature vector truncated to 8 components!
isr: WARNING: 12-dim. feature vector truncated to 4 components!
isr: WARNING: 12-dim. feature vector truncated to 10 components!
isr: WARNING: 12-dim. feature vector truncated to 6 components!
isr: WARNING: 12-dim. feature vector truncated to 10 components!
isr: WARNING: 12-dim. feature vector truncated to 10 components!
isr: WARNING: 12-dim. feature vector truncated to 2 components!
isr: WARNING: 12-dim. feature vector truncated to 2 components!
isr: WARNING: 12-dim. feature vector truncated to 2 components!
isr: WARNING: 12-dim. feature vector truncated to 4 components!
isr: WARNING: 12-dim. feature vector truncated to 2 components!
isr: WARNING: 12-dim. feature vector truncated to 8 components!
isr: WARNING: 12-dim. feature vector truncated to 6 components!
isr: WARNING: 12-dim. feature vector truncated to 8 components!
isr: WARNING: 12-dim. feature vector truncated to 6 components!
isr: WARNING: 12-dim. feature vector truncated to 8 components!
isr: WARNING: 12-dim. feature vector truncated to 8 components!
isr: WARNING: 12-dim. feature vector truncated to 10 components!
isr: WARNING: 12-dim. feature vector truncated to 2 components!
isr: WARNING: 12-dim. feature vector truncated to 10 components!
isr: WARNING: 12-dim. feature vector truncated to 4 components!
isr: WARNING: 12-dim. feature vector truncated to 4 components!
isr: WARNING: 12-dim. feature vector truncated to 8 components!
isr: WARNING: 12-dim. feature vector truncated to 10 components!
isr: WARNING: 12-dim. feature vector truncated to 10 components!
isr: WARNING: 12-dim. feature vector truncated to 2 components!
isr: WARNING: 12-dim. feature vector truncated to 10 components!
isr: WARNING: 12-dim. feature vector truncated to 6 components!
isr: WARNING: 12-dim. feature vector truncated to 4 components!
isr: WARNING: 12-dim. feature vector truncated to 8 components!
isr: WARNING: 12-dim. feature vector truncated to 4 components!
isr: WARNING: 12-dim. feature vector truncated to 4 components!
isr: WARNING: 12-dim. feature vector truncated to 6 components!
isr: WARNING: 12-dim. feature vector truncated to 10 components!
isr: WARNING: 12-dim. feature vector truncated to 8 components!
isr: WARNING: 12-dim. feature vector truncated to 8 components!
isr: WARNING: 12-dim. feature vector truncated to 8 components!
isr: WARNING: 12-dim. feature vector truncated to 8 components!
isr: WARNING: 12-dim. feature vector truncated to 4 components!
isr: WARNING: 12-dim. feature vector truncated to 10 components!
isr: WARNING: 12-dim. feature vector truncated to 2 components!
isr: WARNING: 12-dim. feature vector truncated to 6 components!
isr: WARNING: 12-dim. feature vector truncated to 2 components!
isr: WARNING: 12-dim. feature vector truncated to 2 components!
isr: WARNING: 12-dim. feature vector truncated to 4 components!
isr: WARNING: 12-dim. feature vector truncated to 10 components!
isr: WARNING: 12-dim. feature vector truncated to 8 components!
isr: WARNING: 12-dim. feature vector truncated to 8 components!
isr: WARNING: 12-dim. feature vector truncated to 2 components!
isr: WARNING: 12-dim. feature vector truncated to 2 components!
isr: WARNING: 12-dim. feature vector truncated to 10 components!
isr: WARNING: 12-dim. feature vector truncated to 10 components!
isr: WARNING: 12-dim. feature vector truncated to 4 components!
isr: WARNING: 12-dim. feature vector truncated to 10 components!
isr: WARNING: 12-dim. feature vector truncated to 6 components!
isr: WARNING: 12-dim. feature vector truncated to 6 components!
isr: WARNING: 12-dim. feature vector truncated to 2 components!
isr: WARNING: 12-dim. feature vector truncated to 4 components!
isr: WARNING: 12-dim. feature vector truncated to 6 components!
isr: WARNING: 12-dim. feature vector truncated to 6 components!
isr: WARNING: 12-dim. feature vector truncated to 6 components!
isr: WARNING: 12-dim. feature vector truncated to 2 components!
isr: WARNING: 12-dim. feature vector truncated to 10 components!
isr: WARNING: 12-dim. feature vector truncated to 4 components!
isr: WARNING: 12-dim. feature vector truncated to 6 components!
isr: WARNING: 12-dim. feature vector truncated to 2 components!
isr: WARNING: 12-dim. feature vector truncated to 4 components!
isr: WARNING: 12-dim. feature vector truncated to 6 components!
isr: WARNING: 12-dim. feature vector truncated to 4 components!
isr: WARNING: 12-dim. feature vector truncated to 2 components!
isr: WARNING: 12-dim. feature vector truncated to 2 components!
isr: WARNING: 12-dim. feature vector truncated to 10 components!
isr: WARNING: 12-dim. feature vector truncated to 8 components!
isr: WARNING: 12-dim. feature vector truncated to 8 components!
isr: WARNING: 12-dim. feature vector truncated to 2 components!
isr: WARNING: 12-dim. feature vector truncated to 8 components!
isr: WARNING: 12-dim. feature vector truncated to 10 components!
isr: WARNING: 12-dim. feature vector truncated to 2 components!
isr: WARNING: 12-dim. feature vector truncated to 8 components!
isr: WARNING: 12-dim. feature vector truncated to 4 components!
isr: WARNING: 12-dim. feature vector truncated to 6 components!
isr: WARNING: 12-dim. feature vector truncated to 6 components!
isr: WARNING: 12-dim. feature vector truncated to 8 components!
isr: WARNING: 12-dim. feature vector truncated to 2 components!
isr: WARNING: 12-dim. feature vector truncated to 10 components!
isr: WARNING: 12-dim. feature vector truncated to 8 components!
isr: WARNING: 12-dim. feature vector truncated to 2 components!
isr: WARNING: 12-dim. feature vector truncated to 2 components!
isr: WARNING: 12-dim. feature vector truncated to 2 components!
isr: WARNING: 12-dim. feature vector truncated to 6 components!
isr: WARNING: 12-dim. feature vector truncated to 2 components!
isr: WARNING: 12-dim. feature vector truncated to 2 components!
isr: WARNING: 12-dim. feature vector truncated to 10 components!
isr: WARNING: 12-dim. feature vector truncated to 8 components!
isr: WARNING: 12-dim. feature vector truncated to 4 components!
isr: WARNING: 12-dim. feature vector truncated to 8 components!
isr: WARNING: 12-dim. feature vector truncated to 4 components!
isr: WARNING: 12-dim. feature vector truncated to 8 components!
isr: WARNING: 12-dim. feature vector truncated to 10 components!
isr: WARNING: 12-dim. feature vector truncated to 10 components!
isr: WARNING: 12-dim. feature vector truncated to 2 components!
isr: WARNING: 12-dim. feature vector truncated to 8 components!
isr: WARNING: 12-dim. feature vector truncated to 2 components!
isr: WARNING: 12-dim. feature vector truncated to 6 components!
isr: WARNING: 12-dim. feature vector truncated to 2 components!
isr: WARNING: 12-dim. feature vector truncated to 10 components!
isr: WARNING: 12-dim. feature vector truncated to 2 components!
isr: WARNING: 12-dim. feature vector truncated to 6 components!
isr: WARNING: 12-dim. feature vector truncated to 8 components!
isr: WARNING: 12-dim. feature vector truncated to 6 components!
isr: WARNING: 12-dim. feature vector truncated to 6 components!
isr: WARNING: 12-dim. feature vector truncated to 8 components!
isr: WARNING: 12-dim. feature vector truncated to 4 components!
isr: WARNING: 12-dim. feature vector truncated to 10 components!
isr: WARNING: 12-dim. feature vector truncated to 4 components!
isr: WARNING: 12-dim. feature vector truncated to 4 components!
isr: WARNING: 12-dim. feature vector truncated to 4 components!
isr: WARNING: 12-dim. feature vector truncated to 8 components!
isr: WARNING: 12-dim. feature vector truncated to 4 components!
isr: WARNING: 12-dim. feature vector truncated to 2 components!
isr: WARNING: 12-dim. feature vector truncated to 2 components!
isr: WARNING: 12-dim. feature vector truncated to 10 components!
isr: WARNING: 12-dim. feature vector truncated to 4 components!
isr: WARNING: 12-dim. feature vector truncated to 4 components!
isr: WARNING: 12-dim. feature vector truncated to 4 components!
isr: WARNING: 12-dim. feature vector truncated to 2 components!
isr: WARNING: 12-dim. feature vector truncated to 4 components!
isr: WARNING: 12-dim. feature vector truncated to 6 components!
isr: WARNING: 12-dim. feature vector truncated to 4 components!
isr: WARNING: 12-dim. feature vector truncated to 4 components!
isr: WARNING: 12-dim. feature vector truncated to 8 components!
isr: WARNING: 12-dim. feature vector truncated to 6 components!
isr: WARNING: 12-dim. feature vector truncated to 2 components!
isr: WARNING: 12-dim. feature vector truncated to 8 components!
isr: WARNING: 12-dim. feature vector truncated to 10 components!
isr: WARNING: 12-dim. feature vector truncated to 6 components!
isr: WARNING: 12-dim. feature vector truncated to 6 components!
isr: WARNING: 12-dim. feature vector truncated to 8 components!
isr: WARNING: 12-dim. feature vector truncated to 2 components!
isr: WARNING: 12-dim. feature vector truncated to 10 components!
isr: WARNING: 12-dim. feature vector truncated to 10 components!
isr: WARNING: 12-dim. feature vector truncated to 6 components!
isr: WARNING: 12-dim. feature vector truncated to 10 components!
isr: WARNING: 12-dim. feature vector truncated to 10 components!
isr: WARNING: 12-dim. feature vector truncated to 8 components!
isr: WARNING: 12-dim. feature vector truncated to 10 components!
isr: WARNING: 12-dim. feature vector truncated to 8 components!
isr: WARNING: 12-dim. feature vector truncated to 2 components!
isr: WARNING: 12-dim. feature vector truncated to 8 components!
isr: WARNING: 12-dim. feature vector truncated to 10 components!
isr: WARNING: 12-dim. feature vector truncated to 4 components!
isr: WARNING: 12-dim. feature vector truncated to 8 components!
isr: WARNING: 12-dim. feature vector truncated to 8 components!
isr: WARNING: 12-dim. feature vector truncated to 6 components!
isr: WARNING: 12-dim. feature vector truncated to 2 components!
isr: WARNING: 12-dim. feature vector truncated to 2 components!
isr: WARNING: 12-dim. feature vector truncated to 8 components!
isr: WARNING: 12-dim. feature vector truncated to 4 components!
isr: WARNING: 12-dim. feature vector truncated to 2 components!
isr: WARNING: 12-dim. feature vector truncated to 2 components!
isr: WARNING: 12-dim. feature vector truncated to 2 components!
isr: WARNING: 12-dim. feature vector truncated to 10 components!
isr: WARNING: 12-dim. feature vector truncated to 10 components!
isr: WARNING: 12-dim. feature vector truncated to 2 components!
isr: WARNING: 12-dim. feature vector truncated to 2 components!
isr: WARNING: 12-dim. feature vector truncated to 8 components!
isr: WARNING: 12-dim. feature vector truncated to 10 components!
isr: WARNING: 12-dim. feature vector truncated to 2 components!
isr: WARNING: 12-dim. feature vector truncated to 10 components!
isr: WARNING: 12-dim. feature vector truncated to 8 components!
isr: WARNING: 12-dim. feature vector truncated to 4 components!
isr: WARNING: 12-dim. feature vector truncated to 2 components!
isr: WARNING: 12-dim. feature vector truncated to 10 components!
isr: WARNING: 12-dim. feature vector truncated to 10 components!
isr: WARNING: 12-dim. feature vector truncated to 8 components!
isr: WARNING: 12-dim. feature vector truncated to 10 components!
isr: WARNING: 12-dim. feature vector truncated to 4 components!
isr: WARNING: 12-dim. feature vector truncated to 4 components!
isr: WARNING: 12-dim. feature vector truncated to 2 components!
isr: WARNING: 12-dim. feature vector truncated to 8 components!
isr: WARNING: 12-dim. feature vector truncated to 10 components!
isr: WARNING: 12-dim. feature vector truncated to 8 components!
isr: WARNING: 12-dim. feature vector truncated to 6 components!
isr: WARNING: 12-dim. feature vector truncated to 8 components!
isr: WARNING: 12-dim. feature vector truncated to 4 components!
isr: WARNING: 12-dim. feature vector truncated to 10 components!
isr: WARNING: 12-dim. feature vector truncated to 8 components!
isr: WARNING: 12-dim. feature vector truncated to 4 components!
isr: WARNING: 12-dim. feature vector truncated to 8 components!
isr: WARNING: 12-dim. feature vector truncated to 4 components!
isr: WARNING: 12-dim. feature vector truncated to 2 components!
isr: WARNING: 12-dim. feature vector truncated to 2 components!
isr: WARNING: 12-dim. feature vector truncated to 8 components!
isr: WARNING: 12-dim. feature vector truncated to 10 components!
isr: WARNING: 12-dim. feature vector truncated to 4 components!
isr: WARNING: 12-dim. feature vector truncated to 4 components!
isr: WARNING: 12-dim. feature vector truncated to 10 components!
isr: WARNING: 12-dim. feature vector truncated to 6 components!
isr: WARNING: 12-dim. feature vector truncated to 8 components!
isr: WARNING: 12-dim. feature vector truncated to 2 components!
isr: WARNING: 12-dim. feature vector truncated to 6 components!
isr: WARNING: 12-dim. feature vector truncated to 8 components!
isr: WARNING: 12-dim. feature vector truncated to 10 components!
isr: WARNING: 12-dim. feature vector truncated to 4 components!
isr: WARNING: 12-dim. feature vector truncated to 6 components!
isr: WARNING: 12-dim. feature vector truncated to 8 components!
isr: WARNING: 12-dim. feature vector truncated to 2 components!
isr: WARNING: 12-dim. feature vector truncated to 4 components!
isr: WARNING: 12-dim. feature vector truncated to 2 components!
isr: WARNING: 12-dim. feature vector truncated to 6 components!
isr: WARNING: 12-dim. feature vector truncated to 2 components!
isr: WARNING: 12-dim. feature vector truncated to 6 components!
isr: WARNING: 12-dim. feature vector truncated to 8 components!
isr: WARNING: 12-dim. feature vector truncated to 2 components!
isr: WARNING: 12-dim. feature vector truncated to 4 components!
isr: WARNING: 12-dim. feature vector truncated to 4 components!
isr: WARNING: 12-dim. feature vector truncated to 10 components!
isr: WARNING: 12-dim. feature vector truncated to 2 components!
isr: WARNING: 12-dim. feature vector truncated to 4 components!
isr: WARNING: 12-dim. feature vector truncated to 10 components!
isr: WARNING: 12-dim. feature vector truncated to 2 components!
isr: WARNING: 12-dim. feature vector truncated to 8 components!
isr: WARNING: 12-dim. feature vector truncated to 2 components!
isr: WARNING: 12-dim. feature vector truncated to 10 components!
isr: WARNING: 12-dim. feature vector truncated to 2 components!
isr: WARNING: 12-dim. feature vector truncated to 8 components!
isr: WARNING: 12-dim. feature vector truncated to 8 components!
isr: WARNING: 12-dim. feature vector truncated to 10 components!
isr: WARNING: 12-dim. feature vector truncated to 6 components!
isr: WARNING: 12-dim. feature vector truncated to 4 components!
isr: WARNING: 12-dim. feature vector truncated to 8 components!
isr: WARNING: 12-dim. feature vector truncated to 4 components!
isr: WARNING: 12-dim. feature vector truncated to 8 components!
isr: WARNING: 12-dim. feature vector truncated to 8 components!
isr: WARNING: 12-dim. feature vector truncated to 8 components!
isr: WARNING: 12-dim. feature vector truncated to 2 components!
isr: WARNING: 12-dim. feature vector truncated to 4 components!
isr: WARNING: 12-dim. feature vector truncated to 10 components!
isr: WARNING: 12-dim. feature vector truncated to 4 components!
isr: WARNING: 12-dim. feature vector truncated to 2 components!
isr: WARNING: 12-dim. feature vector truncated to 8 components!
isr: WARNING: 12-dim. feature vector truncated to 2 components!
isr: WARNING: 12-dim. feature vector truncated to 8 components!
isr: WARNING: 12-dim. feature vector truncated to 10 components!
isr: WARNING: 12-dim. feature vector truncated to 4 components!
isr: WARNING: 12-dim. feature vector truncated to 2 components!
isr: WARNING: 12-dim. feature vector truncated to 10 components!
isr: WARNING: 12-dim. feature vector truncated to 2 components!
isr: WARNING: 12-dim. feature vector truncated to 2 components!
isr: WARNING: 12-dim. feature vector truncated to 2 components!
isr: WARNING: 12-dim. feature vector truncated to 4 components!
isr: WARNING: 12-dim. feature vector truncated to 6 components!
isr: WARNING: 12-dim. feature vector truncated to 8 components!
isr: WARNING: 12-dim. feature vector truncated to 10 components!
isr: WARNING: 12-dim. feature vector truncated to 6 components!
isr: WARNING: 12-dim. feature vector truncated to 6 components!
isr: WARNING: 12-dim. feature vector truncated to 6 components!
isr: WARNING: 12-dim. feature vector truncated to 10 components!
isr: WARNING: 12-dim. feature vector truncated to 6 components!
isr: WARNING: 12-dim. feature vector truncated to 10 components!
isr: WARNING: 12-dim. feature vector truncated to 8 components!
isr: WARNING: 12-dim. feature vector truncated to 10 components!
isr: WARNING: 12-dim. feature vector truncated to 6 components!
isr: WARNING: 12-dim. feature vector truncated to 10 components!
isr: WARNING: 12-dim. feature vector truncated to 6 components!
isr: WARNING: 12-dim. feature vector truncated to 8 components!
isr: WARNING: 12-dim. feature vector truncated to 2 components!
isr: WARNING: 12-dim. feature vector truncated to 10 components!
isr: WARNING: 12-dim. feature vector truncated to 6 components!
isr: WARNING: 12-dim. feature vector truncated to 2 components!
isr: WARNING: 12-dim. feature vector truncated to 2 components!
isr: WARNING: 12-dim. feature vector truncated to 6 components!
isr: WARNING: 12-dim. feature vector truncated to 2 components!
isr: WARNING: 12-dim. feature vector truncated to 2 components!
isr: WARNING: 12-dim. feature vector truncated to 6 components!
isr: WARNING: 12-dim. feature vector truncated to 2 components!
isr: WARNING: 12-dim. feature vector truncated to 4 components!
isr: WARNING: 12-dim. feature vector truncated to 10 components!
isr: WARNING: 12-dim. feature vector truncated to 10 components!
isr: WARNING: 12-dim. feature vector truncated to 8 components!
isr: WARNING: 12-dim. feature vector truncated to 4 components!
isr: WARNING: 12-dim. feature vector truncated to 8 components!
isr: WARNING: 12-dim. feature vector truncated to 2 components!
isr: WARNING: 12-dim. feature vector truncated to 4 components!
isr: WARNING: 12-dim. feature vector truncated to 2 components!
isr: WARNING: 12-dim. feature vector truncated to 10 components!
isr: WARNING: 12-dim. feature vector truncated to 4 components!
isr: WARNING: 12-dim. feature vector truncated to 10 components!
isr: WARNING: 12-dim. feature vector truncated to 2 components!
isr: WARNING: 12-dim. feature vector truncated to 4 components!
isr: WARNING: 12-dim. feature vector truncated to 2 components!
isr: WARNING: 12-dim. feature vector truncated to 2 components!
isr: 149054 densities evaluated ( 0.2%), on average 2.48651 per frame.
isr: 4458003 emissions calculated (23.4 %), 130029 nulls inferred (2.92 %).
isr: 124827701 states activated (1.48e+03 %), 2082.37 on average, 13.7 % pruned.
isr: 59899 trees activated, 0.999233 on average, oldest aged 348 frames.
isr: 26940157 word ends reached (564181 unique), 449.415 (9.41164) on average.
isr: 133435 lexical nodes generated (67144 silence, 0% pruned), 2.22596 on average.
isr: 38647 ms (24350 cpu ms) processing 59945 frames (RTF = 0.064).

finished with status 0 at Wed Aug 13 23:50:31 CEST 2014
